0 info it worked if it ends with ok
1 verbose cli [ 'c:\\Program Files\\nodejs\\node.exe',
1 verbose cli   'c:\\Program Files\\nodejs\\node_modules\\npm\\bin\\npm-cli.js',
1 verbose cli   'publish',
1 verbose cli   '.' ]
2 info using npm@1.1.61
3 info using node@v0.8.9
4 verbose publish [ '.' ]
5 verbose read json c:\Documents and Settings\Qawe Mlilo\Desktop\dev\Projects\crushit\package.json
6 verbose cache add [ '.', null ]
7 silly cache add name=undefined spec="." args=[".",null]
8 verbose parsed url { pathname: '.', path: '.', href: '.' }
9 silly lockFile 3a52ce78- .
10 verbose lock . C:\Documents and Settings\Qawe Mlilo\Application Data\npm-cache\3a52ce78-.lock
11 verbose read json package.json
12 verbose tar pack [ 'C:\\DOCUME~1\\QAWEML~1\\LOCALS~1\\Temp\\npm-4860\\1360053629030-0.5541161543224007\\tmp.tgz',
12 verbose tar pack   '.' ]
13 verbose tarball C:\DOCUME~1\QAWEML~1\LOCALS~1\Temp\npm-4860\1360053629030-0.5541161543224007\tmp.tgz
14 verbose folder .
15 info prepublish crushit@0.1.7
16 silly lockFile 861bd761-29030-0-5541161543224007-tmp-tgz C:\DOCUME~1\QAWEML~1\LOCALS~1\Temp\npm-4860\1360053629030-0.5541161543224007\tmp.tgz
17 verbose lock C:\DOCUME~1\QAWEML~1\LOCALS~1\Temp\npm-4860\1360053629030-0.5541161543224007\tmp.tgz C:\Documents and Settings\Qawe Mlilo\Application Data\npm-cache\861bd761-29030-0-5541161543224007-tmp-tgz.lock
18 silly lockFile 861bd761-29030-0-5541161543224007-tmp-tgz C:\DOCUME~1\QAWEML~1\LOCALS~1\Temp\npm-4860\1360053629030-0.5541161543224007\tmp.tgz
19 verbose tar unpack C:\DOCUME~1\QAWEML~1\LOCALS~1\Temp\npm-4860\1360053629030-0.5541161543224007\tmp.tgz
20 silly lockFile 33cfb9ad-29030-0-5541161543224007-package C:\DOCUME~1\QAWEML~1\LOCALS~1\Temp\npm-4860\1360053629030-0.5541161543224007\package
21 verbose lock C:\DOCUME~1\QAWEML~1\LOCALS~1\Temp\npm-4860\1360053629030-0.5541161543224007\package C:\Documents and Settings\Qawe Mlilo\Application Data\npm-cache\33cfb9ad-29030-0-5541161543224007-package.lock
22 silly gunzTarPerm modes [ '755', '644' ]
23 silly gunzTarPerm extractEntry package.json
24 silly gunzTarPerm modified mode [ 'package.json', 438, 420 ]
25 silly gunzTarPerm extractEntry .npmignore
26 silly gunzTarPerm modified mode [ '.npmignore', 438, 420 ]
27 silly gunzTarPerm extractEntry README.md
28 silly gunzTarPerm modified mode [ 'README.md', 438, 420 ]
29 silly gunzTarPerm extractEntry index.js
30 silly gunzTarPerm modified mode [ 'index.js', 438, 420 ]
31 silly gunzTarPerm extractEntry .travis.yml
32 silly gunzTarPerm modified mode [ '.travis.yml', 438, 420 ]
33 silly gunzTarPerm extractEntry bin/crushit
34 silly gunzTarPerm modified mode [ 'bin/crushit', 438, 420 ]
35 silly gunzTarPerm extractEntry lib/app.js
36 silly gunzTarPerm modified mode [ 'lib/app.js', 438, 420 ]
37 silly gunzTarPerm extractEntry lib/main.js
38 silly gunzTarPerm modified mode [ 'lib/main.js', 438, 420 ]
39 silly gunzTarPerm extractEntry lib/url-helper.js
40 silly gunzTarPerm modified mode [ 'lib/url-helper.js', 438, 420 ]
41 silly gunzTarPerm extractEntry test/app.js
42 silly gunzTarPerm modified mode [ 'test/app.js', 438, 420 ]
43 silly gunzTarPerm extractEntry test/main.js
44 silly gunzTarPerm modified mode [ 'test/main.js', 438, 420 ]
45 verbose read json C:\DOCUME~1\QAWEML~1\LOCALS~1\Temp\npm-4860\1360053629030-0.5541161543224007\package\package.json
46 silly lockFile 33cfb9ad-29030-0-5541161543224007-package C:\DOCUME~1\QAWEML~1\LOCALS~1\Temp\npm-4860\1360053629030-0.5541161543224007\package
47 verbose from cache C:\DOCUME~1\QAWEML~1\LOCALS~1\Temp\npm-4860\1360053629030-0.5541161543224007\package\package.json
48 verbose tar pack [ 'C:\\Documents and Settings\\Qawe Mlilo\\Application Data\\npm-cache\\crushit\\0.1.7\\package.tgz',
48 verbose tar pack   'C:\\DOCUME~1\\QAWEML~1\\LOCALS~1\\Temp\\npm-4860\\1360053629030-0.5541161543224007\\package' ]
49 verbose tarball C:\Documents and Settings\Qawe Mlilo\Application Data\npm-cache\crushit\0.1.7\package.tgz
50 verbose folder C:\DOCUME~1\QAWEML~1\LOCALS~1\Temp\npm-4860\1360053629030-0.5541161543224007\package
51 silly lockFile 2acb0b3e--cache-crushit-0-1-7-package-tgz C:\Documents and Settings\Qawe Mlilo\Application Data\npm-cache\crushit\0.1.7\package.tgz
52 verbose lock C:\Documents and Settings\Qawe Mlilo\Application Data\npm-cache\crushit\0.1.7\package.tgz C:\Documents and Settings\Qawe Mlilo\Application Data\npm-cache\2acb0b3e--cache-crushit-0-1-7-package-tgz.lock
53 silly lockFile 2acb0b3e--cache-crushit-0-1-7-package-tgz C:\Documents and Settings\Qawe Mlilo\Application Data\npm-cache\crushit\0.1.7\package.tgz
54 silly lockFile 1952f552--npm-cache-crushit-0-1-7-package C:\Documents and Settings\Qawe Mlilo\Application Data\npm-cache\crushit\0.1.7\package
55 verbose lock C:\Documents and Settings\Qawe Mlilo\Application Data\npm-cache\crushit\0.1.7\package C:\Documents and Settings\Qawe Mlilo\Application Data\npm-cache\1952f552--npm-cache-crushit-0-1-7-package.lock
56 silly lockFile 1952f552--npm-cache-crushit-0-1-7-package C:\Documents and Settings\Qawe Mlilo\Application Data\npm-cache\crushit\0.1.7\package
57 verbose tar unpack C:\Documents and Settings\Qawe Mlilo\Application Data\npm-cache\crushit\0.1.7\package.tgz
58 silly lockFile 1952f552--npm-cache-crushit-0-1-7-package C:\Documents and Settings\Qawe Mlilo\Application Data\npm-cache\crushit\0.1.7\package
59 verbose lock C:\Documents and Settings\Qawe Mlilo\Application Data\npm-cache\crushit\0.1.7\package C:\Documents and Settings\Qawe Mlilo\Application Data\npm-cache\1952f552--npm-cache-crushit-0-1-7-package.lock
60 silly gunzTarPerm modes [ '755', '644' ]
61 silly gunzTarPerm extractEntry package.json
62 silly gunzTarPerm modified mode [ 'package.json', 438, 420 ]
63 silly gunzTarPerm extractEntry .npmignore
64 silly gunzTarPerm modified mode [ '.npmignore', 438, 420 ]
65 silly gunzTarPerm extractEntry README.md
66 silly gunzTarPerm modified mode [ 'README.md', 438, 420 ]
67 silly gunzTarPerm extractEntry index.js
68 silly gunzTarPerm modified mode [ 'index.js', 438, 420 ]
69 silly gunzTarPerm extractEntry .travis.yml
70 silly gunzTarPerm modified mode [ '.travis.yml', 438, 420 ]
71 silly gunzTarPerm extractEntry bin/crushit
72 silly gunzTarPerm modified mode [ 'bin/crushit', 438, 420 ]
73 silly gunzTarPerm extractEntry lib/app.js
74 silly gunzTarPerm modified mode [ 'lib/app.js', 438, 420 ]
75 silly gunzTarPerm extractEntry lib/main.js
76 silly gunzTarPerm modified mode [ 'lib/main.js', 438, 420 ]
77 silly gunzTarPerm extractEntry lib/url-helper.js
78 silly gunzTarPerm modified mode [ 'lib/url-helper.js', 438, 420 ]
79 silly gunzTarPerm extractEntry test/app.js
80 silly gunzTarPerm modified mode [ 'test/app.js', 438, 420 ]
81 silly gunzTarPerm extractEntry test/main.js
82 silly gunzTarPerm modified mode [ 'test/main.js', 438, 420 ]
83 verbose read json C:\Documents and Settings\Qawe Mlilo\Application Data\npm-cache\crushit\0.1.7\package\package.json
84 silly lockFile 1952f552--npm-cache-crushit-0-1-7-package C:\Documents and Settings\Qawe Mlilo\Application Data\npm-cache\crushit\0.1.7\package
85 silly shasum updated bytes 5706
86 info shasum 5b3a8f2ee3e440c97dd1a780f11e8e7933bb4e4f
86 info shasum C:\Documents and Settings\Qawe Mlilo\Application Data\npm-cache\crushit\0.1.7\package.tgz
87 verbose from cache C:\Documents and Settings\Qawe Mlilo\Application Data\npm-cache\crushit\0.1.7\package\package.json
88 verbose chmod C:\Documents and Settings\Qawe Mlilo\Application Data\npm-cache\crushit\0.1.7\package.tgz 644
89 silly chown skipping for windows C:\Documents and Settings\Qawe Mlilo\Application Data\npm-cache\crushit\0.1.7\package.tgz
90 silly lockFile 3a52ce78- .
91 silly publish { name: 'crushit',
91 silly publish   version: '0.1.7',
91 silly publish   description: 'Script minifier for production',
91 silly publish   main: 'index.js',
91 silly publish   bin: { crushit: './bin/crushit' },
91 silly publish   directories: { test: 'test' },
91 silly publish   scripts: { test: 'mocha test/main.js test/app.js' },
91 silly publish   repository: { type: 'git', url: 'https://github.com/qawemlilo/crushit.git' },
91 silly publish   keywords: [ 'script minifier', 'compressor', 'optimizer' ],
91 silly publish   author: { name: 'Qawelesizwe Mlilo' },
91 silly publish   license: 'MIT',
91 silly publish   dependencies:
91 silly publish    { request: '~2.12.0',
91 silly publish      cheerio: '~0.10.3',
91 silly publish      'uglify-js': '~2.2.3',
91 silly publish      commander: '~1.1.1' },
91 silly publish   devDependencies: { mocha: '~1.7.4', should: '~1.2.1' },
91 silly publish   engine: 'node >= 0.8.9',
91 silly publish   readme: '# CrushIt\n\nCrushIt is a commandline tool for compiling, concatenating, and minifying scripts from a web page. I wrote CrushIt to make it easy to optimize my code for use in production. \n\n[![Build Status](https://travis-ci.org/qawemlilo/crushit.png)](https://travis-ci.org/qawemlilo/crushit)\n\n\n## Install (npm)\n```\nnpm install -g crushit\n```\n\n## Usage\n```\n# Basic usage\ncrushit [options] [url]\n\n\n## Beautify output code \ncrushit -b [url]\n\n\n## Include comments in the output code\ncrushit -c [url]\n\n\n## Use strict parser mode \ncrushit -s [url]\n\n\n## Beautify output code, use strict parser mode and include comments\ncrushit -bsc [url]\n```\n\n## CLI Example\n```\n# Compiling scripts from my website\ncrushit http://www.rflab.co.za\n```\n\n## You can also include CrushIt in your node programs\n```\nvar crushit = require("crushit");\n\ncrushit.crushScripts(url, options);\n\n# options\nbeatify    - Beautify output code\nstrict     - Use strict parser mode\ncomments   - Include comments in the output code\nonComplete - Callback function that takes on argument\n```\n\n\n## Program Example\n```\nvar crushit = require("crushit");\n\ncrushit.crushScripts("http://www.rflab.co.za", {\n    beautify: true,\n    \n    strict: true,\n    \n    comments: true,\n    \n    onComplete: function (error, code) {\n        if (error) {\n            console.log(error.msg);   \n        }\n        else {\n            console.log(code);\n        }\n    }\n});\n```\n\n\n## To Do\n\n- Add css minification\n- Write better docs\n\n## License\n\n(MIT License)\n\nCopyright (c) 2012 Qawelesizwe Mlilo <qawemlilo@gmail.com>\n\nPermission is hereby granted, free of charge, to any person obtaining a copy of this software and associated documentation files (the \'Software\'), to deal in the Software without restriction, including without limitation the rights to use, copy, modify, merge, publish, distribute, sublicense, and/or sell copies of the Software, and to permit persons to whom the Software is furnished to do so, subject to the following conditions:\n\nThe above copyright notice and this permission notice shall be included in all copies or substantial portions of the Software.\n\nTHE SOFTWARE IS PROVIDED \'AS IS\', WITHOUT WARRANTY OF ANY KIND, EXPRESS OR IMPLIED, INCLUDING BUT NOT LIMITED TO THE WARRANTIES OF MERCHANTABILITY, FITNESS FOR A PARTICULAR PURPOSE AND NONINFRINGEMENT. IN NO EVENT SHALL THE AUTHORS OR COPYRIGHT HOLDERS BE LIABLE FOR ANY CLAIM, DAMAGES OR OTHER LIABILITY, WHETHER IN AN ACTION OF CONTRACT, TORT OR OTHERWISE, ARISING FROM, OUT OF OR IN CONNECTION WITH THE SOFTWARE OR THE USE OR OTHER DEALINGS IN THE SOFTWARE.',
91 silly publish   _id: 'crushit@0.1.7',
91 silly publish   dist: { shasum: '5b3a8f2ee3e440c97dd1a780f11e8e7933bb4e4f' } }
92 verbose url raw crushit
93 verbose url resolving [ 'https://registry.npmjs.org/', './crushit' ]
94 verbose url resolved https://registry.npmjs.org/crushit
95 info trying registry request attempt 1 at 10:40:33
96 http PUT https://registry.npmjs.org/crushit
97 http 409 https://registry.npmjs.org/crushit
98 verbose url raw crushit
99 verbose url resolving [ 'https://registry.npmjs.org/', './crushit' ]
100 verbose url resolved https://registry.npmjs.org/crushit
101 info trying registry request attempt 1 at 10:40:36
102 http GET https://registry.npmjs.org/crushit
103 http 200 https://registry.npmjs.org/crushit
104 error publish fail Cannot publish over existing version.
104 error publish fail Bump the 'version' field, set the --force flag, or
104 error publish fail     npm unpublish 'crushit@0.1.7'
104 error publish fail and try again
105 error System Windows_NT 5.1.2600
106 error command "c:\\Program Files\\nodejs\\node.exe" "c:\\Program Files\\nodejs\\node_modules\\npm\\bin\\npm-cli.js" "publish" "."
107 error cwd c:\Documents and Settings\Qawe Mlilo\Desktop\dev\Projects\crushit
108 error node -v v0.8.9
109 error npm -v 1.1.61
110 error code EPUBLISHCONFLICT
111 verbose exit [ 1, true ]
